#
# There is insufficient memory for the Java Runtime Environment to continue.
# Native memory allocation (mmap) failed to map 2064384 bytes for G1 virtual space
# Possible reasons:
#   The system is out of physical RAM or swap space
#   The process is running with CompressedOops enabled, and the Java Heap may be blocking the growth of the native heap
# Possible solutions:
#   Reduce memory load on the system
#   Increase physical memory or swap space
#   Check if swap backing store is full
#   Decrease Java heap size (-Xmx/-Xms)
#   Decrease number of Java threads
#   Decrease Java thread stack sizes (-Xss)
#   Set larger code cache with -XX:ReservedCodeCacheSize=
#   JVM is running with Unscaled Compressed Oops mode in which the Java heap is
#     placed in the first 4GB address space. The Java Heap base address is the
#     maximum limit for the native heap growth. Please use -XX:HeapBaseMinAddress
#     to set the Java Heap base and to place the Java Heap above 4GB virtual address.
# This output file may be truncated or incomplete.
#
#  Out of Memory Error (os_windows.cpp:3600), pid=31960, tid=32004
#
# JRE version:  (21.0.1+12) (build )
# Java VM: Java HotSpot(TM) 64-Bit Server VM (21.0.1+12-LTS-29, mixed mode, sharing, tiered, compressed oops, compressed class ptrs, g1 gc, windows-amd64)
# No core dump will be written. Minidumps are not enabled by default on client versions of Windows
#

---------------  S U M M A R Y ------------

Command Line: -Dfile.encoding=UTF-8 --module-path=C:\Users\rauni\Documents\NetBeansProjects\ATM\build\classes atm.Signupone

Host: 11th Gen Intel(R) Core(TM) i3-1115G4 @ 3.00GHz, 4 cores, 7G,  Windows 11 , 64 bit Build 22621 (10.0.22621.3958)
Time: Sun Aug 11 09:31:32 2024 India Standard Time elapsed time: 0.013035 seconds (0d 0h 0m 0s)

---------------  T H R E A D  ---------------

Current thread (0x000002c743801760):  JavaThread "Unknown thread" [_thread_in_vm, id=32004, stack(0x000000cbe3300000,0x000000cbe3400000) (1024K)]

Stack: [0x000000cbe3300000,0x000000cbe3400000]
Native frames: (J=compiled Java code, j=interpreted, Vv=VM code, C=native code)
V  [jvm.dll+0x6c9029]
V  [jvm.dll+0x854b81]
V  [jvm.dll+0x856e5e]
V  [jvm.dll+0x857543]
V  [jvm.dll+0x280c06]
V  [jvm.dll+0x6c5715]
V  [jvm.dll+0x6ba10a]
V  [jvm.dll+0x3557ea]
V  [jvm.dll+0x35d436]
V  [jvm.dll+0x3ae1d3]
V  [jvm.dll+0x3ae468]
V  [jvm.dll+0x3291fc]
V  [jvm.dll+0x329d8b]
V  [jvm.dll+0x81d179]
V  [jvm.dll+0x3bb4f1]
V  [jvm.dll+0x805ae8]
V  [jvm.dll+0x44effe]
V  [jvm.dll+0x450901]
C  [jli.dll+0x52a3]
C  [ucrtbase.dll+0x29333]
C  [KERNEL32.DLL+0x1257d]
C  [ntdll.dll+0x5af28]


---------------  P R O C E S S  ---------------

Threads class SMR info:
_java_thread_list=0x00007ff909f19b88, length=0, elements={
}

Java Threads: ( => current thread )
Total: 0

Other Threads:
  0x000002c74384c590 WorkerThread "GC Thread#0"                     [id=31792, stack(0x000000cbe3400000,0x000000cbe3500000) (1024K)]
  0x000002c74385d060 ConcurrentGCThread "G1 Main Marker"            [id=32716, stack(0x000000cbe3500000,0x000000cbe3600000) (1024K)]
  0x000002c74385e300 WorkerThread "G1 Conc#0"                       [id=32592, stack(0x000000cbe3600000,0x000000cbe3700000) (1024K)]

[error occurred during error reporting (printing all threads), id 0xc0000005, EXCEPTION_ACCESS_VIOLATION (0xc0000005) at pc=0x00007ff90968c2c7]
VM state: not at safepoint (not fully initialized)

VM Mutex/Monitor currently owned by a thread:  ([mutex/lock_event])
[0x00007ff909f8a6f8] Heap_lock - owner thread: 0x000002c743801760

Heap address: 0x0000000083600000, size: 1994 MB, Compressed Oops mode: 32-bit

CDS archive(s) mapped at: [0x0000000000000000-0x0000000000000000-0x0000000000000000), size 0, SharedBaseAddress: 0x0000000800000000, ArchiveRelocationMode: 1.
Narrow klass base: 0x0000000000000000, Narrow klass shift: 0, Narrow klass range: 0x0

GC Precious Log:
 CardTable entry size: 512
 Card Set container configuration: InlinePtr #cards 5 size 8 Array Of Cards #cards 12 size 40 Howl #buckets 4 coarsen threshold 1843 Howl Bitmap #cards 512 size 80 coarsen threshold 460 Card regions per heap region 1 cards per card region 2048

Heap:
 garbage-first heap   total 0K, used 0K [0x0000000083600000, 0x0000000100000000)
  region size 1024K, 0 young (0K), 0 survivors (0K)

[error occurred during error reporting (printing heap information), id 0xc0000005, EXCEPTION_ACCESS_VIOLATION (0xc0000005) at pc=0x00007ff909a71be9]
GC Heap History (0 events):
No events

Dll operation events (1 events):
Event: 0.008 Loaded shared library C:\Program Files\Java\jdk-21\bin\java.dll

Deoptimization events (0 events):
No events

Classes loaded (0 events):
No events

Classes unloaded (0 events):
No events

Classes redefined (0 events):
No events

Internal exceptions (0 events):
No events

ZGC Phase Switch (0 events):
No events

VM Operations (0 events):
No events

Events (0 events):
No events


Dynamic libraries:
0x00007ff649a30000 - 0x00007ff649a40000 	C:\Program Files\Java\jdk-21\bin\java.exe
0x00007ff96bb90000 - 0x00007ff96bda7000 	C:\Windows\SYSTEM32\ntdll.dll
0x00007ff96abe0000 - 0x00007ff96aca4000 	C:\Windows\System32\KERNEL32.DLL
0x00007ff969050000 - 0x00007ff9693fd000 	C:\Windows\System32\KERNELBASE.dll
0x00007ff9640f0000 - 0x00007ff964187000 	C:\Windows\SYSTEM32\apphelp.dll
0x00007ff969730000 - 0x00007ff969841000 	C:\Windows\System32\ucrtbase.dll
0x00007ff9543c0000 - 0x00007ff9543d9000 	C:\Program Files\Java\jdk-21\bin\jli.dll
0x00007ff96acc0000 - 0x00007ff96ad72000 	C:\Windows\System32\ADVAPI32.dll
0x00007ff95cde0000 - 0x00007ff95cdfb000 	C:\Program Files\Java\jdk-21\bin\VCRUNTIME140.dll
0x00007ff96a620000 - 0x00007ff96a6c7000 	C:\Windows\System32\msvcrt.dll
0x00007ff96aea0000 - 0x00007ff96af49000 	C:\Windows\System32\sechost.dll
0x00007ff969020000 - 0x00007ff969048000 	C:\Windows\System32\bcrypt.dll
0x00007ff96af90000 - 0x00007ff96b0a4000 	C:\Windows\System32\RPCRT4.dll
0x00007ff96b750000 - 0x00007ff96b8fe000 	C:\Windows\System32\USER32.dll
0x00007ff968eb0000 - 0x00007ff968ed6000 	C:\Windows\System32\win32u.dll
0x00007ff96a200000 - 0x00007ff96a229000 	C:\Windows\System32\GDI32.dll
0x00007ff9694a0000 - 0x00007ff9695b9000 	C:\Windows\System32\gdi32full.dll
0x00007ff952820000 - 0x00007ff952ab3000 	C:\Windows\WinSxS\amd64_microsoft.windows.common-controls_6595b64144ccf1df_6.0.22621.3672_none_2713b9d173822955\COMCTL32.dll
0x00007ff969400000 - 0x00007ff96949a000 	C:\Windows\System32\msvcp_win.dll
0x00007ff95ff00000 - 0x00007ff95ff0a000 	C:\Windows\SYSTEM32\VERSION.dll
0x00007ff96af50000 - 0x00007ff96af81000 	C:\Windows\System32\IMM32.DLL
0x00007ff961260000 - 0x00007ff96126c000 	C:\Program Files\Java\jdk-21\bin\vcruntime140_1.dll
0x00007ff9394c0000 - 0x00007ff93954e000 	C:\Program Files\Java\jdk-21\bin\msvcp140.dll
0x00007ff909350000 - 0x00007ff90a065000 	C:\Program Files\Java\jdk-21\bin\server\jvm.dll
0x00007ff96ae00000 - 0x00007ff96ae71000 	C:\Windows\System32\WS2_32.dll
0x00007ff967d10000 - 0x00007ff967d5d000 	C:\Windows\SYSTEM32\POWRPROF.dll
0x00007ff961420000 - 0x00007ff961454000 	C:\Windows\SYSTEM32\WINMM.dll
0x00007ff967cf0000 - 0x00007ff967d03000 	C:\Windows\SYSTEM32\UMPDC.dll
0x00007ff967fa0000 - 0x00007ff967fb8000 	C:\Windows\SYSTEM32\kernel.appcore.dll
0x00007ff9611d0000 - 0x00007ff9611da000 	C:\Program Files\Java\jdk-21\bin\jimage.dll
0x00007ff966680000 - 0x00007ff9668b2000 	C:\Windows\SYSTEM32\DBGHELP.DLL
0x00007ff96a6d0000 - 0x00007ff96aa5d000 	C:\Windows\System32\combase.dll
0x00007ff96a3e0000 - 0x00007ff96a4b7000 	C:\Windows\System32\OLEAUT32.dll
0x00007ff93ece0000 - 0x00007ff93ed12000 	C:\Windows\SYSTEM32\dbgcore.DLL
0x00007ff968ee0000 - 0x00007ff968f5b000 	C:\Windows\System32\bcryptPrimitives.dll
0x00007ff9589f0000 - 0x00007ff958a0f000 	C:\Program Files\Java\jdk-21\bin\java.dll

dbghelp: loaded successfully - version: 4.0.5 - missing functions: none
symbol engine: initialized successfully - sym options: 0x614 - pdb path: .;C:\Program Files\Java\jdk-21\bin;C:\Windows\SYSTEM32;C:\Windows\WinSxS\amd64_microsoft.windows.common-controls_6595b64144ccf1df_6.0.22621.3672_none_2713b9d173822955;C:\Program Files\Java\jdk-21\bin\server

VM Arguments:
jvm_args: -Dfile.encoding=UTF-8 --module-path=C:\Users\rauni\Documents\NetBeansProjects\ATM\build\classes 
java_command: atm.Signupone
java_class_path (initial): C:\Users\rauni\Downloads\jcalendar-tz-1.3.3-4.jar;C:\Users\rauni\Documents\NetBeansProjects\ATM\build\classes
Launcher Type: SUN_STANDARD

[Global flags]
     intx CICompilerCount                          = 3                                         {product} {ergonomic}
     uint ConcGCThreads                            = 1                                         {product} {ergonomic}
     uint G1ConcRefinementThreads                  = 4                                         {product} {ergonomic}
   size_t G1HeapRegionSize                         = 1048576                                   {product} {ergonomic}
    uintx GCDrainStackTargetSize                   = 64                                        {product} {ergonomic}
   size_t InitialHeapSize                          = 132120576                                 {product} {ergonomic}
   size_t MarkStackSize                            = 4194304                                   {product} {ergonomic}
   size_t MaxHeapSize                              = 2090860544                                {product} {ergonomic}
   size_t MinHeapDeltaBytes                        = 1048576                                   {product} {ergonomic}
   size_t MinHeapSize                              = 8388608                                   {product} {ergonomic}
    uintx NonNMethodCodeHeapSize                   = 5832780                                {pd product} {ergonomic}
    uintx NonProfiledCodeHeapSize                  = 122912730                              {pd product} {ergonomic}
    uintx ProfiledCodeHeapSize                     = 122912730                              {pd product} {ergonomic}
    uintx ReservedCodeCacheSize                    = 251658240                              {pd product} {ergonomic}
     bool SegmentedCodeCache                       = true                                      {product} {ergonomic}
   size_t SoftMaxHeapSize                          = 2090860544                             {manageable} {ergonomic}
     bool UseCompressedOops                        = true                           {product lp64_product} {ergonomic}
     bool UseG1GC                                  = true                                      {product} {ergonomic}
     bool UseLargePagesIndividualAllocation        = false                                  {pd product} {ergonomic}

Logging:
Log output configuration:
 #0: stdout all=warning uptime,level,tags foldmultilines=false
 #1: stderr all=off uptime,level,tags foldmultilines=false

Environment Variables:
PATH=C:\Program Files\Common Files\Oracle\Java\javapath;C:\Windows\system32;C:\Windows;C:\Windows\System32\Wbem;C:\Windows\System32\WindowsPowerShell\v1.0\;C:\Windows\System32\OpenSSH\;C:\MinGW\bin;C:\Program Files\MySQL\MySQL Shell 8.0\bin\;C:\Users\rauni\AppData\Local\Microsoft\WindowsApps;C:\Users\rauni\AppData\Local\Programs\Microsoft VS Code\bin;C:\Program Files\JetBrains\IntelliJ IDEA 2024.1\bin;;C:\Program Files\JetBrains\IntelliJ IDEA Community Edition 2024.1.4\bin;
USERNAME=rauni
OS=Windows_NT
PROCESSOR_IDENTIFIER=Intel64 Family 6 Model 140 Stepping 1, GenuineIntel
TMP=C:\Users\rauni\AppData\Local\Temp
TEMP=C:\Users\rauni\AppData\Local\Temp




Periodic native trim disabled

---------------  S Y S T E M  ---------------

OS:
 Windows 11 , 64 bit Build 22621 (10.0.22621.3958)
OS uptime: 2 days 0:36 hours
Hyper-V role detected

CPU: total 4 (initial active 4) (2 cores per cpu, 2 threads per core) family 6 model 140 stepping 1 microcode 0xb6, cx8, cmov, fxsr, ht, mmx, 3dnowpref, sse, sse2, sse3, ssse3, sse4.1, sse4.2, popcnt, lzcnt, tsc, tscinvbit, avx, avx2, aes, erms, clmul, bmi1, bmi2, adx, avx512f, avx512dq, avx512cd, avx512bw, avx512vl, sha, fma, vzeroupper, avx512_vpopcntdq, avx512_vpclmulqdq, avx512_vaes, avx512_vnni, clflush, clflushopt, clwb, avx512_vbmi2, avx512_vbmi, hv, rdtscp, rdpid, fsrm, gfni, avx512_bitalg, f16c, cet_ibt, cet_ss, avx512_ifma
Processor Information for all 4 processors :
  Max Mhz: 2995, Current Mhz: 2995, Mhz Limit: 2995

Memory: 4k page, system-wide physical 7975M (1196M free)
TotalPageFile size 32551M (AvailPageFile size 6M)
current process WorkingSet (physical memory assigned to process): 12M, peak: 12M
current process commit charge ("private bytes"): 178M, peak: 180M

vm_info: Java HotSpot(TM) 64-Bit Server VM (21.0.1+12-LTS-29) for windows-amd64 JRE (21.0.1+12-LTS-29), built on 2023-10-05T13:27:09Z by "mach5one" with MS VC++ 17.1 (VS2022)

END.
