#
# There is insufficient memory for the Java Runtime Environment to continue.
# Native memory allocation (mmap) failed to map 65536 bytes for Failed to commit metaspace.
# Possible reasons:
#   The system is out of physical RAM or swap space
#   The process is running with CompressedOops enabled, and the Java Heap may be blocking the growth of the native heap
# Possible solutions:
#   Reduce memory load on the system
#   Increase physical memory or swap space
#   Check if swap backing store is full
#   Decrease Java heap size (-Xmx/-Xms)
#   Decrease number of Java threads
#   Decrease Java thread stack sizes (-Xss)
#   Set larger code cache with -XX:ReservedCodeCacheSize=
#   JVM is running with Unscaled Compressed Oops mode in which the Java heap is
#     placed in the first 4GB address space. The Java Heap base address is the
#     maximum limit for the native heap growth. Please use -XX:HeapBaseMinAddress
#     to set the Java Heap base and to place the Java Heap above 4GB virtual address.
# This output file may be truncated or incomplete.
#
#  Out of Memory Error (virtualSpaceNode.cpp:112), pid=8392, tid=31228
#
# JRE version: Java(TM) SE Runtime Environment (21.0.1+12) (build 21.0.1+12-LTS-29)
# Java VM: Java HotSpot(TM) 64-Bit Server VM (21.0.1+12-LTS-29, mixed mode, sharing, tiered, compressed oops, compressed class ptrs, g1 gc, windows-amd64)
# No core dump will be written. Minidumps are not enabled by default on client versions of Windows
#

---------------  S U M M A R Y ------------

Command Line: -Dfile.encoding=UTF-8 --module-path=C:\Users\rauni\Documents\NetBeansProjects\ATM\build\classes atm.Login

Host: 11th Gen Intel(R) Core(TM) i3-1115G4 @ 3.00GHz, 4 cores, 7G,  Windows 11 , 64 bit Build 22621 (10.0.22621.3958)
Time: Sun Aug 11 09:27:07 2024 India Standard Time elapsed time: 0.128291 seconds (0d 0h 0m 0s)

---------------  T H R E A D  ---------------

Current thread (0x000002540a864e80):  JavaThread "main"             [_thread_in_vm, id=31228, stack(0x0000006a8cc00000,0x0000006a8cd00000) (1024K)]

Stack: [0x0000006a8cc00000,0x0000006a8cd00000]
Native frames: (J=compiled Java code, j=interpreted, Vv=VM code, C=native code)
V  [jvm.dll+0x6c9029]
V  [jvm.dll+0x854b81]
V  [jvm.dll+0x856e5e]
V  [jvm.dll+0x857543]
V  [jvm.dll+0x280c06]
V  [jvm.dll+0x8508ae]
V  [jvm.dll+0x66ca45]
V  [jvm.dll+0x66caaa]
V  [jvm.dll+0x66f2a6]
V  [jvm.dll+0x66f172]
V  [jvm.dll+0x66d41e]
V  [jvm.dll+0x26c581]
V  [jvm.dll+0x2184f7]
V  [jvm.dll+0x20dc4e]
V  [jvm.dll+0x5ac6dc]
V  [jvm.dll+0x21f67a]
V  [jvm.dll+0x7ccde1]
V  [jvm.dll+0x7cde45]
V  [jvm.dll+0x7ce3ef]
V  [jvm.dll+0x7ce098]
V  [jvm.dll+0x26ebdb]
V  [jvm.dll+0x26ee0a]
V  [jvm.dll+0x5cf3e7]
V  [jvm.dll+0x5d239f]
V  [jvm.dll+0x3d7360]
V  [jvm.dll+0x3d69dd]
C  0x000002541c429ff5

The last pc belongs to invokestatic (printed below).
Java frames: (J=compiled Java code, j=interpreted, Vv=VM code)
j  java.awt.Component.<init>()V+130 java.desktop@21.0.1
j  java.awt.Container.<init>()V+1 java.desktop@21.0.1
j  java.awt.Window.<init>()V+1 java.desktop@21.0.1
j  java.awt.Frame.<init>(Ljava/lang/String;)V+1 java.desktop@21.0.1
j  java.awt.Frame.<init>()V+3 java.desktop@21.0.1
j  javax.swing.JFrame.<init>()V+1 java.desktop@21.0.1
j  atm.Login.<init>()V+1
j  atm.Login.main([Ljava/lang/String;)V+4
v  ~StubRoutines::call_stub 0x000002541c4110e7
invokestatic  184 invokestatic  [0x000002541c429f40, 0x000002541c42a1e8]  680 bytes
[MachCode]
  0x000002541c429f40: 4883 ec08 | c5fa 1104 | 24eb 1f48 | 83ec 10c5 | fb11 0424 | eb14 4883 | ec10 4889 | 0424 48c7 
  0x000002541c429f60: 4424 0800 | 0000 00eb | 0150 4c89 | 6dc0 410f | b755 0148 | 8b4d d0c1 | e202 8b5c | d138 c1eb 
  0x000002541c429f80: 1081 e3ff | 0000 0081 | fbb8 0000 | 000f 84b4 | 0000 00bb | b800 0000 | e805 0000 | 00e9 9900 
  0x000002541c429fa0: 0000 488b | d348 8d44 | 2408 4c89 | 6dc0 498b | cfc5 f877 | 4989 afa8 | 0300 0049 | 8987 9803 
  0x000002541c429fc0: 0000 4883 | ec20 40f6 | c40f 0f84 | 1900 0000 | 4883 ec08 | 48b8 7069 | 7209 f97f | 0000 ffd0 
  0x000002541c429fe0: 4883 c408 | e90c 0000 | 0048 b870 | 6972 09f9 | 7f00 00ff | d048 83c4 | 2049 c787 | 9803 0000 
  0x000002541c42a000: 0000 0000 | 49c7 87a8 | 0300 0000 | 0000 0049 | c787 a003 | 0000 0000 | 0000 c5f8 | 7749 837f 
  0x000002541c42a020: 0800 0f84 | 0500 0000 | e9d3 6efe | ff4c 8b6d | c04c 8b75 | c84e 8d74 | f500 c341 | 0fb7 5501 
  0x000002541c42a040: 488b 4dd0 | c1e2 0248 | 8b5c d140 | 488b 5b08 | 488b 5b08 | 488b 5b18 | 80bb 2001 | 0000 050f 
  0x000002541c42a060: 840d 0000 | 004c 3bbb | 3001 0000 | 0f85 21ff | ffff 488b | 5cd1 408b | 54d1 50c1 | ea1c 49ba 
  0x000002541c42a080: 909e f909 | f97f 0000 | 498b 14d2 | 5248 8b45 | d848 85c0 | 0f84 1200 | 0000 4883 | 4008 0148 
  0x000002541c42a0a0: 8358 0800 | 4883 c010 | 4889 45d8 | 488b 45d8 | 4885 c00f | 8423 0100 | 0080 78f0 | 0a0f 8519 
  0x000002541c42a0c0: 0100 0048 | 83c0 084c | 8b68 f841 | 83ed 0041 | 83fd 020f | 8cf8 0000 | 004c 8b6b | 0845 0fb7 
  0x000002541c42a0e0: 6d2e 4c2b | 2841 83ed | 014e 8b6c | ec08 4d85 | ed75 0748 | 8348 0801 | eb4a 458b | 6d08 49ba 
  0x000002541c42a100: 0000 0029 | 5402 0000 | 4d03 ea4c | 3368 0849 | f7c5 fcff | ffff 742c | 41f6 c502 | 7526 4883 
  0x000002541c42a120: 7808 0074 | 1b48 8378 | 0801 7414 | 4c33 6808 | 49f7 c5fc | ffff ff74 | 0b48 8348 | 0802 eb04 
  0x000002541c42a140: 4c89 6808 | 4883 c010 | 4c8b 68e8 | 4183 ed02 | 4183 fd02 | 0f8c 7700 | 0000 4c8b | 6b08 450f 
  0x000002541c42a160: b76d 2e4c | 2b28 4183 | ed01 4e8b | 6cec 084d | 85ed 7507 | 4883 4808 | 01eb 4a45 | 8b6d 0849 
  0x000002541c42a180: ba00 0000 | 2954 0200 | 004d 03ea | 4c33 6808 | 49f7 c5fc | ffff ff74 | 2c41 f6c5 | 0275 2648 
  0x000002541c42a1a0: 8378 0800 | 741b 4883 | 7808 0174 | 144c 3368 | 0849 f7c5 | fcff ffff | 740b 4883 | 4808 02eb 
  0x000002541c42a1c0: 044c 8968 | 0848 83c0 | 104c 8b68 | d841 83ed | 0441 c1e5 | 0349 03c5 | 4889 45d8 | 4c8d 6c24 
  0x000002541c42a1e0: 084c 896d | f0ff 6350 
[/MachCode]

---------------  P R O C E S S  ---------------

Threads class SMR info:
_java_thread_list=0x000002546e130a70, length=11, elements={
0x000002540a864e80, 0x0000025428ab2ae0, 0x0000025428ab67b0, 0x0000025428aba2e0,
0x0000025428abae30, 0x0000025428abea80, 0x0000025428ac33a0, 0x0000025428ac5b00,
0x0000025428ac9e90, 0x000002546e0fbc70, 0x000002546e17e610
}

Java Threads: ( => current thread )
=>0x000002540a864e80 JavaThread "main"                              [_thread_in_vm, id=31228, stack(0x0000006a8cc00000,0x0000006a8cd00000) (1024K)]
  0x0000025428ab2ae0 JavaThread "Reference Handler"          daemon [_thread_blocked, id=32320, stack(0x0000006a8d400000,0x0000006a8d500000) (1024K)]
  0x0000025428ab67b0 JavaThread "Finalizer"                  daemon [_thread_blocked, id=21624, stack(0x0000006a8d500000,0x0000006a8d600000) (1024K)]
  0x0000025428aba2e0 JavaThread "Signal Dispatcher"          daemon [_thread_blocked, id=25504, stack(0x0000006a8d600000,0x0000006a8d700000) (1024K)]
  0x0000025428abae30 JavaThread "Attach Listener"            daemon [_thread_blocked, id=31936, stack(0x0000006a8d700000,0x0000006a8d800000) (1024K)]
  0x0000025428abea80 JavaThread "Service Thread"             daemon [_thread_blocked, id=16244, stack(0x0000006a8d800000,0x0000006a8d900000) (1024K)]
  0x0000025428ac33a0 JavaThread "Monitor Deflation Thread"   daemon [_thread_blocked, id=23220, stack(0x0000006a8d900000,0x0000006a8da00000) (1024K)]
  0x0000025428ac5b00 JavaThread "C2 CompilerThread0"         daemon [_thread_blocked, id=30676, stack(0x0000006a8da00000,0x0000006a8db00000) (1024K)]
  0x0000025428ac9e90 JavaThread "C1 CompilerThread0"         daemon [_thread_in_vm, id=32304, stack(0x0000006a8db00000,0x0000006a8dc00000) (1024K)]
  0x000002546e0fbc70 JavaThread "Common-Cleaner"             daemon [_thread_blocked, id=4752, stack(0x0000006a8dc00000,0x0000006a8dd00000) (1024K)]
  0x000002546e17e610 JavaThread "Notification Thread"        daemon [_thread_blocked, id=30660, stack(0x0000006a8dd00000,0x0000006a8de00000) (1024K)]
Total: 11

Other Threads:
  0x0000025428a93190 VMThread "VM Thread"                           [id=15888, stack(0x0000006a8d300000,0x0000006a8d400000) (1024K)]
  0x0000025428a80810 WatcherThread "VM Periodic Task Thread"        [id=20736, stack(0x0000006a8d200000,0x0000006a8d300000) (1024K)]
  0x000002540caebff0 WorkerThread "GC Thread#0"                     [id=30512, stack(0x0000006a8cd00000,0x0000006a8ce00000) (1024K)]
  0x000002540cafd2d0 ConcurrentGCThread "G1 Main Marker"            [id=25476, stack(0x0000006a8ce00000,0x0000006a8cf00000) (1024K)]
  0x000002540cafe570 WorkerThread "G1 Conc#0"                       [id=31916, stack(0x0000006a8cf00000,0x0000006a8d000000) (1024K)]
  0x000002540cb4eb90 ConcurrentGCThread "G1 Refine#0"               [id=19088, stack(0x0000006a8d000000,0x0000006a8d100000) (1024K)]
  0x0000025428954820 ConcurrentGCThread "G1 Service"                [id=17336, stack(0x0000006a8d100000,0x0000006a8d200000) (1024K)]
Total: 7

Threads with active compile tasks:
C1 CompilerThread0      145  325       3       java.lang.reflect.Modifier::isProtected (12 bytes)
Total: 1

VM state: not at safepoint (normal execution)

VM Mutex/Monitor currently owned by a thread:  ([mutex/lock_event])
[0x00007ff909f88578] Metaspace_lock - owner thread: 0x000002540a864e80

Heap address: 0x0000000083600000, size: 1994 MB, Compressed Oops mode: 32-bit

CDS archive(s) mapped at: [0x0000025429000000-0x0000025429c90000-0x0000025429c90000), size 13172736, SharedBaseAddress: 0x0000025429000000, ArchiveRelocationMode: 1.
Compressed class space mapped at: 0x000002542a000000-0x000002546a000000, reserved size: 1073741824
Narrow klass base: 0x0000025429000000, Narrow klass shift: 0, Narrow klass range: 0x100000000

GC Precious Log:
 CardTable entry size: 512
 Card Set container configuration: InlinePtr #cards 5 size 8 Array Of Cards #cards 12 size 40 Howl #buckets 4 coarsen threshold 1843 Howl Bitmap #cards 512 size 80 coarsen threshold 460 Card regions per heap region 1 cards per card region 2048
 CPUs: 4 total, 4 available
 Memory: 7975M
 Large Page Support: Disabled
 NUMA Support: Disabled
 Compressed Oops: Enabled (32-bit)
 Heap Region Size: 1M
 Heap Min Capacity: 8M
 Heap Initial Capacity: 126M
 Heap Max Capacity: 1994M
 Pre-touch: Disabled
 Parallel Workers: 4
 Concurrent Workers: 1
 Concurrent Refinement Workers: 4
 Periodic GC: Disabled

Heap:
 garbage-first heap   total 129024K, used 2048K [0x0000000083600000, 0x0000000100000000)
  region size 1024K, 3 young (3072K), 0 survivors (0K)
 Metaspace       used 1664K, committed 1792K, reserved 1114112K
  class space    used 154K, committed 256K, reserved 1048576K

Heap Regions: E=young(eden), S=young(survivor), O=old, HS=humongous(starts), HC=humongous(continues), CS=collection set, F=free, TAMS=top-at-mark-start, PB=parsable bottom
|   0|0x0000000083600000, 0x0000000083600000, 0x0000000083700000|  0%| F|  |TAMS 0x0000000083600000| PB 0x0000000083600000| Untracked 
|   1|0x0000000083700000, 0x0000000083700000, 0x0000000083800000|  0%| F|  |TAMS 0x0000000083700000| PB 0x0000000083700000| Untracked 
|   2|0x0000000083800000, 0x0000000083800000, 0x0000000083900000|  0%| F|  |TAMS 0x0000000083800000| PB 0x0000000083800000| Untracked 
|   3|0x0000000083900000, 0x0000000083900000, 0x0000000083a00000|  0%| F|  |TAMS 0x0000000083900000| PB 0x0000000083900000| Untracked 
|   4|0x0000000083a00000, 0x0000000083a00000, 0x0000000083b00000|  0%| F|  |TAMS 0x0000000083a00000| PB 0x0000000083a00000| Untracked 
|   5|0x0000000083b00000, 0x0000000083b00000, 0x0000000083c00000|  0%| F|  |TAMS 0x0000000083b00000| PB 0x0000000083b00000| Untracked 
|   6|0x0000000083c00000, 0x0000000083c00000, 0x0000000083d00000|  0%| F|  |TAMS 0x0000000083c00000| PB 0x0000000083c00000| Untracked 
|   7|0x0000000083d00000, 0x0000000083d00000, 0x0000000083e00000|  0%| F|  |TAMS 0x0000000083d00000| PB 0x0000000083d00000| Untracked 
|   8|0x0000000083e00000, 0x0000000083e00000, 0x0000000083f00000|  0%| F|  |TAMS 0x0000000083e00000| PB 0x0000000083e00000| Untracked 
|   9|0x0000000083f00000, 0x0000000083f00000, 0x0000000084000000|  0%| F|  |TAMS 0x0000000083f00000| PB 0x0000000083f00000| Untracked 
|  10|0x0000000084000000, 0x0000000084000000, 0x0000000084100000|  0%| F|  |TAMS 0x0000000084000000| PB 0x0000000084000000| Untracked 
|  11|0x0000000084100000, 0x0000000084100000, 0x0000000084200000|  0%| F|  |TAMS 0x0000000084100000| PB 0x0000000084100000| Untracked 
|  12|0x0000000084200000, 0x0000000084200000, 0x0000000084300000|  0%| F|  |TAMS 0x0000000084200000| PB 0x0000000084200000| Untracked 
|  13|0x0000000084300000, 0x0000000084300000, 0x0000000084400000|  0%| F|  |TAMS 0x0000000084300000| PB 0x0000000084300000| Untracked 
|  14|0x0000000084400000, 0x0000000084400000, 0x0000000084500000|  0%| F|  |TAMS 0x0000000084400000| PB 0x0000000084400000| Untracked 
|  15|0x0000000084500000, 0x0000000084500000, 0x0000000084600000|  0%| F|  |TAMS 0x0000000084500000| PB 0x0000000084500000| Untracked 
|  16|0x0000000084600000, 0x0000000084600000, 0x0000000084700000|  0%| F|  |TAMS 0x0000000084600000| PB 0x0000000084600000| Untracked 
|  17|0x0000000084700000, 0x0000000084700000, 0x0000000084800000|  0%| F|  |TAMS 0x0000000084700000| PB 0x0000000084700000| Untracked 
|  18|0x0000000084800000, 0x0000000084800000, 0x0000000084900000|  0%| F|  |TAMS 0x0000000084800000| PB 0x0000000084800000| Untracked 
|  19|0x0000000084900000, 0x0000000084900000, 0x0000000084a00000|  0%| F|  |TAMS 0x0000000084900000| PB 0x0000000084900000| Untracked 
|  20|0x0000000084a00000, 0x0000000084a00000, 0x0000000084b00000|  0%| F|  |TAMS 0x0000000084a00000| PB 0x0000000084a00000| Untracked 
|  21|0x0000000084b00000, 0x0000000084b00000, 0x0000000084c00000|  0%| F|  |TAMS 0x0000000084b00000| PB 0x0000000084b00000| Untracked 
|  22|0x0000000084c00000, 0x0000000084c00000, 0x0000000084d00000|  0%| F|  |TAMS 0x0000000084c00000| PB 0x0000000084c00000| Untracked 
|  23|0x0000000084d00000, 0x0000000084d00000, 0x0000000084e00000|  0%| F|  |TAMS 0x0000000084d00000| PB 0x0000000084d00000| Untracked 
|  24|0x0000000084e00000, 0x0000000084e00000, 0x0000000084f00000|  0%| F|  |TAMS 0x0000000084e00000| PB 0x0000000084e00000| Untracked 
|  25|0x0000000084f00000, 0x0000000084f00000, 0x0000000085000000|  0%| F|  |TAMS 0x0000000084f00000| PB 0x0000000084f00000| Untracked 
|  26|0x0000000085000000, 0x0000000085000000, 0x0000000085100000|  0%| F|  |TAMS 0x0000000085000000| PB 0x0000000085000000| Untracked 
|  27|0x0000000085100000, 0x0000000085100000, 0x0000000085200000|  0%| F|  |TAMS 0x0000000085100000| PB 0x0000000085100000| Untracked 
|  28|0x0000000085200000, 0x0000000085200000, 0x0000000085300000|  0%| F|  |TAMS 0x0000000085200000| PB 0x0000000085200000| Untracked 
|  29|0x0000000085300000, 0x0000000085300000, 0x0000000085400000|  0%| F|  |TAMS 0x0000000085300000| PB 0x0000000085300000| Untracked 
|  30|0x0000000085400000, 0x0000000085400000, 0x0000000085500000|  0%| F|  |TAMS 0x0000000085400000| PB 0x0000000085400000| Untracked 
|  31|0x0000000085500000, 0x0000000085500000, 0x0000000085600000|  0%| F|  |TAMS 0x0000000085500000| PB 0x0000000085500000| Untracked 
|  32|0x0000000085600000, 0x0000000085600000, 0x0000000085700000|  0%| F|  |TAMS 0x0000000085600000| PB 0x0000000085600000| Untracked 
|  33|0x0000000085700000, 0x0000000085700000, 0x0000000085800000|  0%| F|  |TAMS 0x0000000085700000| PB 0x0000000085700000| Untracked 
|  34|0x0000000085800000, 0x0000000085800000, 0x0000000085900000|  0%| F|  |TAMS 0x0000000085800000| PB 0x0000000085800000| Untracked 
|  35|0x0000000085900000, 0x0000000085900000, 0x0000000085a00000|  0%| F|  |TAMS 0x0000000085900000| PB 0x0000000085900000| Untracked 
|  36|0x0000000085a00000, 0x0000000085a00000, 0x0000000085b00000|  0%| F|  |TAMS 0x0000000085a00000| PB 0x0000000085a00000| Untracked 
|  37|0x0000000085b00000, 0x0000000085b00000, 0x0000000085c00000|  0%| F|  |TAMS 0x0000000085b00000| PB 0x0000000085b00000| Untracked 
|  38|0x0000000085c00000, 0x0000000085c00000, 0x0000000085d00000|  0%| F|  |TAMS 0x0000000085c00000| PB 0x0000000085c00000| Untracked 
|  39|0x0000000085d00000, 0x0000000085d00000, 0x0000000085e00000|  0%| F|  |TAMS 0x0000000085d00000| PB 0x0000000085d00000| Untracked 
|  40|0x0000000085e00000, 0x0000000085e00000, 0x0000000085f00000|  0%| F|  |TAMS 0x0000000085e00000| PB 0x0000000085e00000| Untracked 
|  41|0x0000000085f00000, 0x0000000085f00000, 0x0000000086000000|  0%| F|  |TAMS 0x0000000085f00000| PB 0x0000000085f00000| Untracked 
|  42|0x0000000086000000, 0x0000000086000000, 0x0000000086100000|  0%| F|  |TAMS 0x0000000086000000| PB 0x0000000086000000| Untracked 
|  43|0x0000000086100000, 0x0000000086100000, 0x0000000086200000|  0%| F|  |TAMS 0x0000000086100000| PB 0x0000000086100000| Untracked 
|  44|0x0000000086200000, 0x0000000086200000, 0x0000000086300000|  0%| F|  |TAMS 0x0000000086200000| PB 0x0000000086200000| Untracked 
|  45|0x0000000086300000, 0x0000000086300000, 0x0000000086400000|  0%| F|  |TAMS 0x0000000086300000| PB 0x0000000086300000| Untracked 
|  46|0x0000000086400000, 0x0000000086400000, 0x0000000086500000|  0%| F|  |TAMS 0x0000000086400000| PB 0x0000000086400000| Untracked 
|  47|0x0000000086500000, 0x0000000086500000, 0x0000000086600000|  0%| F|  |TAMS 0x0000000086500000| PB 0x0000000086500000| Untracked 
|  48|0x0000000086600000, 0x0000000086600000, 0x0000000086700000|  0%| F|  |TAMS 0x0000000086600000| PB 0x0000000086600000| Untracked 
|  49|0x0000000086700000, 0x0000000086700000, 0x0000000086800000|  0%| F|  |TAMS 0x0000000086700000| PB 0x0000000086700000| Untracked 
|  50|0x0000000086800000, 0x0000000086800000, 0x0000000086900000|  0%| F|  |TAMS 0x0000000086800000| PB 0x0000000086800000| Untracked 
|  51|0x0000000086900000, 0x0000000086900000, 0x0000000086a00000|  0%| F|  |TAMS 0x0000000086900000| PB 0x0000000086900000| Untracked 
|  52|0x0000000086a00000, 0x0000000086a00000, 0x0000000086b00000|  0%| F|  |TAMS 0x0000000086a00000| PB 0x0000000086a00000| Untracked 
|  53|0x0000000086b00000, 0x0000000086b00000, 0x0000000086c00000|  0%| F|  |TAMS 0x0000000086b00000| PB 0x0000000086b00000| Untracked 
|  54|0x0000000086c00000, 0x0000000086c00000, 0x0000000086d00000|  0%| F|  |TAMS 0x0000000086c00000| PB 0x0000000086c00000| Untracked 
|  55|0x0000000086d00000, 0x0000000086d00000, 0x0000000086e00000|  0%| F|  |TAMS 0x0000000086d00000| PB 0x0000000086d00000| Untracked 
|  56|0x0000000086e00000, 0x0000000086e00000, 0x0000000086f00000|  0%| F|  |TAMS 0x0000000086e00000| PB 0x0000000086e00000| Untracked 
|  57|0x0000000086f00000, 0x0000000086f00000, 0x0000000087000000|  0%| F|  |TAMS 0x0000000086f00000| PB 0x0000000086f00000| Untracked 
|  58|0x0000000087000000, 0x0000000087000000, 0x0000000087100000|  0%| F|  |TAMS 0x0000000087000000| PB 0x0000000087000000| Untracked 
|  59|0x0000000087100000, 0x0000000087100000, 0x0000000087200000|  0%| F|  |TAMS 0x0000000087100000| PB 0x0000000087100000| Untracked 
|  60|0x0000000087200000, 0x0000000087200000, 0x0000000087300000|  0%| F|  |TAMS 0x0000000087200000| PB 0x0000000087200000| Untracked 
|  61|0x0000000087300000, 0x0000000087300000, 0x0000000087400000|  0%| F|  |TAMS 0x0000000087300000| PB 0x0000000087300000| Untracked 
|  62|0x0000000087400000, 0x0000000087400000, 0x0000000087500000|  0%| F|  |TAMS 0x0000000087400000| PB 0x0000000087400000| Untracked 
|  63|0x0000000087500000, 0x0000000087500000, 0x0000000087600000|  0%| F|  |TAMS 0x0000000087500000| PB 0x0000000087500000| Untracked 
|  64|0x0000000087600000, 0x0000000087600000, 0x0000000087700000|  0%| F|  |TAMS 0x0000000087600000| PB 0x0000000087600000| Untracked 
|  65|0x0000000087700000, 0x0000000087700000, 0x0000000087800000|  0%| F|  |TAMS 0x0000000087700000| PB 0x0000000087700000| Untracked 
|  66|0x0000000087800000, 0x0000000087800000, 0x0000000087900000|  0%| F|  |TAMS 0x0000000087800000| PB 0x0000000087800000| Untracked 
|  67|0x0000000087900000, 0x0000000087900000, 0x0000000087a00000|  0%| F|  |TAMS 0x0000000087900000| PB 0x0000000087900000| Untracked 
|  68|0x0000000087a00000, 0x0000000087a00000, 0x0000000087b00000|  0%| F|  |TAMS 0x0000000087a00000| PB 0x0000000087a00000| Untracked 
|  69|0x0000000087b00000, 0x0000000087b00000, 0x0000000087c00000|  0%| F|  |TAMS 0x0000000087b00000| PB 0x0000000087b00000| Untracked 
|  70|0x0000000087c00000, 0x0000000087c00000, 0x0000000087d00000|  0%| F|  |TAMS 0x0000000087c00000| PB 0x0000000087c00000| Untracked 
|  71|0x0000000087d00000, 0x0000000087d00000, 0x0000000087e00000|  0%| F|  |TAMS 0x0000000087d00000| PB 0x0000000087d00000| Untracked 
|  72|0x0000000087e00000, 0x0000000087e00000, 0x0000000087f00000|  0%| F|  |TAMS 0x0000000087e00000| PB 0x0000000087e00000| Untracked 
|  73|0x0000000087f00000, 0x0000000087f00000, 0x0000000088000000|  0%| F|  |TAMS 0x0000000087f00000| PB 0x0000000087f00000| Untracked 
|  74|0x0000000088000000, 0x0000000088000000, 0x0000000088100000|  0%| F|  |TAMS 0x0000000088000000| PB 0x0000000088000000| Untracked 
|  75|0x0000000088100000, 0x0000000088100000, 0x0000000088200000|  0%| F|  |TAMS 0x0000000088100000| PB 0x0000000088100000| Untracked 
|  76|0x0000000088200000, 0x0000000088200000, 0x0000000088300000|  0%| F|  |TAMS 0x0000000088200000| PB 0x0000000088200000| Untracked 
|  77|0x0000000088300000, 0x0000000088300000, 0x0000000088400000|  0%| F|  |TAMS 0x0000000088300000| PB 0x0000000088300000| Untracked 
|  78|0x0000000088400000, 0x0000000088400000, 0x0000000088500000|  0%| F|  |TAMS 0x0000000088400000| PB 0x0000000088400000| Untracked 
|  79|0x0000000088500000, 0x0000000088500000, 0x0000000088600000|  0%| F|  |TAMS 0x0000000088500000| PB 0x0000000088500000| Untracked 
|  80|0x0000000088600000, 0x0000000088600000, 0x0000000088700000|  0%| F|  |TAMS 0x0000000088600000| PB 0x0000000088600000| Untracked 
|  81|0x0000000088700000, 0x0000000088700000, 0x0000000088800000|  0%| F|  |TAMS 0x0000000088700000| PB 0x0000000088700000| Untracked 
|  82|0x0000000088800000, 0x0000000088800000, 0x0000000088900000|  0%| F|  |TAMS 0x0000000088800000| PB 0x0000000088800000| Untracked 
|  83|0x0000000088900000, 0x0000000088900000, 0x0000000088a00000|  0%| F|  |TAMS 0x0000000088900000| PB 0x0000000088900000| Untracked 
|  84|0x0000000088a00000, 0x0000000088a00000, 0x0000000088b00000|  0%| F|  |TAMS 0x0000000088a00000| PB 0x0000000088a00000| Untracked 
|  85|0x0000000088b00000, 0x0000000088b00000, 0x0000000088c00000|  0%| F|  |TAMS 0x0000000088b00000| PB 0x0000000088b00000| Untracked 
|  86|0x0000000088c00000, 0x0000000088c00000, 0x0000000088d00000|  0%| F|  |TAMS 0x0000000088c00000| PB 0x0000000088c00000| Untracked 
|  87|0x0000000088d00000, 0x0000000088d00000, 0x0000000088e00000|  0%| F|  |TAMS 0x0000000088d00000| PB 0x0000000088d00000| Untracked 
|  88|0x0000000088e00000, 0x0000000088e00000, 0x0000000088f00000|  0%| F|  |TAMS 0x0000000088e00000| PB 0x0000000088e00000| Untracked 
|  89|0x0000000088f00000, 0x0000000088f00000, 0x0000000089000000|  0%| F|  |TAMS 0x0000000088f00000| PB 0x0000000088f00000| Untracked 
|  90|0x0000000089000000, 0x0000000089000000, 0x0000000089100000|  0%| F|  |TAMS 0x0000000089000000| PB 0x0000000089000000| Untracked 
|  91|0x0000000089100000, 0x0000000089100000, 0x0000000089200000|  0%| F|  |TAMS 0x0000000089100000| PB 0x0000000089100000| Untracked 
|  92|0x0000000089200000, 0x0000000089200000, 0x0000000089300000|  0%| F|  |TAMS 0x0000000089200000| PB 0x0000000089200000| Untracked 
|  93|0x0000000089300000, 0x0000000089300000, 0x0000000089400000|  0%| F|  |TAMS 0x0000000089300000| PB 0x0000000089300000| Untracked 
|  94|0x0000000089400000, 0x0000000089400000, 0x0000000089500000|  0%| F|  |TAMS 0x0000000089400000| PB 0x0000000089400000| Untracked 
|  95|0x0000000089500000, 0x0000000089500000, 0x0000000089600000|  0%| F|  |TAMS 0x0000000089500000| PB 0x0000000089500000| Untracked 
|  96|0x0000000089600000, 0x0000000089600000, 0x0000000089700000|  0%| F|  |TAMS 0x0000000089600000| PB 0x0000000089600000| Untracked 
|  97|0x0000000089700000, 0x0000000089700000, 0x0000000089800000|  0%| F|  |TAMS 0x0000000089700000| PB 0x0000000089700000| Untracked 
|  98|0x0000000089800000, 0x0000000089800000, 0x0000000089900000|  0%| F|  |TAMS 0x0000000089800000| PB 0x0000000089800000| Untracked 
|  99|0x0000000089900000, 0x0000000089900000, 0x0000000089a00000|  0%| F|  |TAMS 0x0000000089900000| PB 0x0000000089900000| Untracked 
| 100|0x0000000089a00000, 0x0000000089a00000, 0x0000000089b00000|  0%| F|  |TAMS 0x0000000089a00000| PB 0x0000000089a00000| Untracked 
| 101|0x0000000089b00000, 0x0000000089b00000, 0x0000000089c00000|  0%| F|  |TAMS 0x0000000089b00000| PB 0x0000000089b00000| Untracked 
| 102|0x0000000089c00000, 0x0000000089c00000, 0x0000000089d00000|  0%| F|  |TAMS 0x0000000089c00000| PB 0x0000000089c00000| Untracked 
| 103|0x0000000089d00000, 0x0000000089d00000, 0x0000000089e00000|  0%| F|  |TAMS 0x0000000089d00000| PB 0x0000000089d00000| Untracked 
| 104|0x0000000089e00000, 0x0000000089e00000, 0x0000000089f00000|  0%| F|  |TAMS 0x0000000089e00000| PB 0x0000000089e00000| Untracked 
| 105|0x0000000089f00000, 0x0000000089f00000, 0x000000008a000000|  0%| F|  |TAMS 0x0000000089f00000| PB 0x0000000089f00000| Untracked 
| 106|0x000000008a000000, 0x000000008a000000, 0x000000008a100000|  0%| F|  |TAMS 0x000000008a000000| PB 0x000000008a000000| Untracked 
| 107|0x000000008a100000, 0x000000008a100000, 0x000000008a200000|  0%| F|  |TAMS 0x000000008a100000| PB 0x000000008a100000| Untracked 
| 108|0x000000008a200000, 0x000000008a200000, 0x000000008a300000|  0%| F|  |TAMS 0x000000008a200000| PB 0x000000008a200000| Untracked 
| 109|0x000000008a300000, 0x000000008a300000, 0x000000008a400000|  0%| F|  |TAMS 0x000000008a300000| PB 0x000000008a300000| Untracked 
| 110|0x000000008a400000, 0x000000008a400000, 0x000000008a500000|  0%| F|  |TAMS 0x000000008a400000| PB 0x000000008a400000| Untracked 
| 111|0x000000008a500000, 0x000000008a500000, 0x000000008a600000|  0%| F|  |TAMS 0x000000008a500000| PB 0x000000008a500000| Untracked 
| 112|0x000000008a600000, 0x000000008a600000, 0x000000008a700000|  0%| F|  |TAMS 0x000000008a600000| PB 0x000000008a600000| Untracked 
| 113|0x000000008a700000, 0x000000008a700000, 0x000000008a800000|  0%| F|  |TAMS 0x000000008a700000| PB 0x000000008a700000| Untracked 
| 114|0x000000008a800000, 0x000000008a800000, 0x000000008a900000|  0%| F|  |TAMS 0x000000008a800000| PB 0x000000008a800000| Untracked 
| 115|0x000000008a900000, 0x000000008a900000, 0x000000008aa00000|  0%| F|  |TAMS 0x000000008a900000| PB 0x000000008a900000| Untracked 
| 116|0x000000008aa00000, 0x000000008aa00000, 0x000000008ab00000|  0%| F|  |TAMS 0x000000008aa00000| PB 0x000000008aa00000| Untracked 
| 117|0x000000008ab00000, 0x000000008ab00000, 0x000000008ac00000|  0%| F|  |TAMS 0x000000008ab00000| PB 0x000000008ab00000| Untracked 
| 118|0x000000008ac00000, 0x000000008ac00000, 0x000000008ad00000|  0%| F|  |TAMS 0x000000008ac00000| PB 0x000000008ac00000| Untracked 
| 119|0x000000008ad00000, 0x000000008ad00000, 0x000000008ae00000|  0%| F|  |TAMS 0x000000008ad00000| PB 0x000000008ad00000| Untracked 
| 120|0x000000008ae00000, 0x000000008ae00000, 0x000000008af00000|  0%| F|  |TAMS 0x000000008ae00000| PB 0x000000008ae00000| Untracked 
| 121|0x000000008af00000, 0x000000008af00000, 0x000000008b000000|  0%| F|  |TAMS 0x000000008af00000| PB 0x000000008af00000| Untracked 
| 122|0x000000008b000000, 0x000000008b000000, 0x000000008b100000|  0%| F|  |TAMS 0x000000008b000000| PB 0x000000008b000000| Untracked 
| 123|0x000000008b100000, 0x000000008b200000, 0x000000008b200000|100%| E|  |TAMS 0x000000008b100000| PB 0x000000008b100000| Complete 
| 124|0x000000008b200000, 0x000000008b300000, 0x000000008b300000|100%| E|CS|TAMS 0x000000008b200000| PB 0x000000008b200000| Complete 
| 125|0x000000008b300000, 0x000000008b400000, 0x000000008b400000|100%| E|CS|TAMS 0x000000008b300000| PB 0x000000008b300000| Complete 

Card table byte_map: [0x00000254242d0000,0x00000254246c0000] _byte_map_base: 0x0000025423eb5000

Marking Bits: (CMBitMap*) 0x000002540caec6f0
 Bits: [0x00000254246c0000, 0x00000254265e8000)

Polling page: 0x000002540c250000

Metaspace:

Usage:
  Non-class:      1.47 MB used.
      Class:    154.30 KB used.
       Both:      1.63 MB used.

Virtual space:
  Non-class space:       64.00 MB reserved,       1.50 MB (  2%) committed,  1 nodes.
      Class space:        1.00 GB reserved,     256.00 KB ( <1%) committed,  1 nodes.
             Both:        1.06 GB reserved,       1.75 MB ( <1%) committed. 

Chunk freelists:
   Non-Class:  11.94 MB
       Class:  15.71 MB
        Both:  27.66 MB

MaxMetaspaceSize: unlimited
CompressedClassSpaceSize: 1.00 GB
Initial GC threshold: 21.00 MB
Current GC threshold: 21.00 MB
CDS: on
 - commit_granule_bytes: 65536.
 - commit_granule_words: 8192.
 - virtual_space_node_default_size: 8388608.
 - enlarge_chunks_in_place: 1.
 - use_allocation_guard: 0.


Internal statistics:

num_allocs_failed_limit: 0.
num_arena_births: 58.
num_arena_deaths: 0.
num_vsnodes_births: 2.
num_vsnodes_deaths: 0.
num_space_committed: 28.
num_space_uncommitted: 0.
num_chunks_returned_to_freelist: 0.
num_chunks_taken_from_freelist: 69.
num_chunk_merges: 0.
num_chunk_splits: 42.
num_chunks_enlarged: 15.
num_inconsistent_stats: 0.

CodeHeap 'non-profiled nmethods': size=120000Kb used=111Kb max_used=111Kb free=119888Kb
 bounds [0x000002541c9b0000, 0x000002541cc20000, 0x0000025423ee0000]
CodeHeap 'profiled nmethods': size=120000Kb used=405Kb max_used=405Kb free=119594Kb
 bounds [0x0000025414ee0000, 0x0000025415150000, 0x000002541c410000]
CodeHeap 'non-nmethods': size=5760Kb used=1437Kb max_used=1437Kb free=4322Kb
 bounds [0x000002541c410000, 0x000002541c680000, 0x000002541c9b0000]
 total_blobs=752 nmethods=324 adapters=333
 compilation: enabled
              stopped_count=0, restarted_count=0
 full_count=0

Compilation events (20 events):
Event: 0.117 Thread 0x0000025428ac9e90 nmethod 314 0x0000025414f3dc90 code [0x0000025414f3df40, 0x0000025414f3ec38]
Event: 0.117 Thread 0x0000025428ac9e90  319       3       java.lang.invoke.LambdaForm$Name::useCount (51 bytes)
Event: 0.117 Thread 0x0000025428ac9e90 nmethod 319 0x0000025414f3f010 code [0x0000025414f3f1c0, 0x0000025414f3f438]
Event: 0.117 Thread 0x0000025428ac9e90  313       3       jdk.internal.org.objectweb.asm.Frame::pop (42 bytes)
Event: 0.117 Thread 0x0000025428ac9e90 nmethod 313 0x0000025414f3f510 code [0x0000025414f3f6c0, 0x0000025414f3f880]
Event: 0.117 Thread 0x0000025428ac9e90  318       3       java.lang.invoke.MethodType::equals (56 bytes)
Event: 0.117 Thread 0x0000025428ac9e90 nmethod 318 0x0000025414f3f990 code [0x0000025414f3fbc0, 0x0000025414f40720]
Event: 0.117 Thread 0x0000025428ac9e90  320       3       java.util.Arrays::copyOf (40 bytes)
Event: 0.117 Thread 0x0000025428ac9e90 nmethod 320 0x0000025414f40910 code [0x0000025414f40b20, 0x0000025414f41200]
Event: 0.117 Thread 0x0000025428ac9e90  321       3       java.lang.invoke.LambdaForm$NamedFunction::methodType (28 bytes)
Event: 0.118 Thread 0x0000025428ac9e90 nmethod 321 0x0000025414f41410 code [0x0000025414f415e0, 0x0000025414f41908]
Event: 0.118 Thread 0x0000025428ac9e90  316   !   3       java.lang.invoke.MemberName$Factory::resolve (159 bytes)
Event: 0.118 Thread 0x0000025428ac9e90 nmethod 316 0x0000025414f41a10 code [0x0000025414f41c40, 0x0000025414f42348]
Event: 0.118 Thread 0x0000025428ac9e90  322       3       java.lang.invoke.MethodHandles$Lookup::lookupClassOrNull (17 bytes)
Event: 0.118 Thread 0x0000025428ac9e90 nmethod 322 0x0000025414f42690 code [0x0000025414f42840, 0x0000025414f429d0]
Event: 0.126 Thread 0x0000025428ac9e90  323       3       jdk.internal.misc.Unsafe::allocateUninitializedArray0 (90 bytes)
Event: 0.126 Thread 0x0000025428ac9e90 nmethod 323 0x0000025414f42a90 code [0x0000025414f42cc0, 0x0000025414f43600]
Event: 0.126 Thread 0x0000025428ac9e90  324       3       sun.invoke.util.VerifyType::isNullConversion (157 bytes)
Event: 0.126 Thread 0x0000025428ac9e90 nmethod 324 0x0000025414f43790 code [0x0000025414f43ac0, 0x0000025414f450a0]
Event: 0.126 Thread 0x0000025428ac9e90  325       3       java.lang.reflect.Modifier::isProtected (12 bytes)

GC Heap History (0 events):
No events

Dll operation events (7 events):
Event: 0.008 Loaded shared library C:\Program Files\Java\jdk-21\bin\java.dll
Event: 0.036 Loaded shared library C:\Program Files\Java\jdk-21\bin\jsvml.dll
Event: 0.062 Loaded shared library C:\Program Files\Java\jdk-21\bin\net.dll
Event: 0.064 Loaded shared library C:\Program Files\Java\jdk-21\bin\nio.dll
Event: 0.082 Loaded shared library C:\Program Files\Java\jdk-21\bin\zip.dll
Event: 0.092 Loaded shared library C:\Program Files\Java\jdk-21\bin\jimage.dll
Event: 0.103 Loaded shared library C:\Program Files\Java\jdk-21\bin\awt.dll

Deoptimization events (0 events):
No events

Classes loaded (20 events):
Event: 0.124 Loading class java/awt/Window$Type done
Event: 0.124 Loading class java/util/concurrent/atomic/AtomicBoolean
Event: 0.124 Loading class java/util/concurrent/atomic/AtomicBoolean done
Event: 0.124 Loading class java/lang/invoke/VarHandleInts$FieldInstanceReadWrite
Event: 0.124 Loading class java/lang/invoke/VarHandleInts$FieldInstanceReadOnly
Event: 0.124 Loading class java/lang/invoke/VarHandleInts$FieldInstanceReadOnly done
Event: 0.124 Loading class java/lang/invoke/VarHandleInts$FieldInstanceReadWrite done
Event: 0.124 Loading class java/awt/Window$1
Event: 0.124 Loading class sun/awt/AWTAccessor$WindowAccessor
Event: 0.125 Loading class sun/awt/AWTAccessor$WindowAccessor done
Event: 0.125 Loading class java/awt/Window$1 done
Event: 0.125 Loading class java/awt/Frame$1
Event: 0.125 Loading class sun/awt/AWTAccessor$FrameAccessor
Event: 0.125 Loading class sun/awt/AWTAccessor$FrameAccessor done
Event: 0.125 Loading class java/awt/Frame$1 done
Event: 0.125 Loading class java/awt/ComponentOrientation
Event: 0.125 Loading class java/awt/ComponentOrientation done
Event: 0.125 Loading class java/awt/Component$3
Event: 0.125 Loading class java/awt/Component$3 done
Event: 0.126 Loading class sun/awt/AppContext

Classes unloaded (0 events):
No events

Classes redefined (0 events):
No events

Internal exceptions (6 events):
Event: 0.065 Thread 0x000002540a864e80 Exception <a 'sun/nio/fs/WindowsException'{0x000000008b276c58}> (0x000000008b276c58) 
thrown [s\open\src\hotspot\share\prims\jni.cpp, line 520]
Event: 0.067 Thread 0x000002540a864e80 Exception <a 'sun/nio/fs/WindowsException'{0x000000008b278f18}> (0x000000008b278f18) 
thrown [s\open\src\hotspot\share\prims\jni.cpp, line 520]
Event: 0.067 Thread 0x000002540a864e80 Exception <a 'sun/nio/fs/WindowsException'{0x000000008b279950}> (0x000000008b279950) 
thrown [s\open\src\hotspot\share\prims\jni.cpp, line 520]
Event: 0.095 Thread 0x000002540a864e80 Exception <a 'java/lang/ClassNotFoundException'{0x000000008b163f58}: sun/awt/resources/spi/awtProvider> (0x000000008b163f58) 
thrown [s\open\src\hotspot\share\classfile\systemDictionary.cpp, line 312]
Event: 0.112 Thread 0x000002540a864e80 Exception <a 'java/io/FileNotFoundException'{0x000000008b1b9238}> (0x000000008b1b9238) 
thrown [s\open\src\hotspot\share\prims\jni.cpp, line 520]
Event: 0.118 Thread 0x000002540a864e80 Exception <a 'java/io/FileNotFoundException'{0x000000008b1e3550}> (0x000000008b1e3550) 
thrown [s\open\src\hotspot\share\prims\jni.cpp, line 520]

ZGC Phase Switch (0 events):
No events

VM Operations (4 events):
Event: 0.068 Executing VM operation: HandshakeAllThreads (Deoptimize)
Event: 0.068 Executing VM operation: HandshakeAllThreads (Deoptimize) done
Event: 0.125 Executing VM operation: HandshakeAllThreads (Deoptimize)
Event: 0.125 Executing VM operation: HandshakeAllThreads (Deoptimize) done

Events (11 events):
Event: 0.021 Thread 0x000002540a864e80 Thread added: 0x000002540a864e80
Event: 0.033 Thread 0x0000025428ab2ae0 Thread added: 0x0000025428ab2ae0
Event: 0.033 Thread 0x0000025428ab67b0 Thread added: 0x0000025428ab67b0
Event: 0.034 Thread 0x0000025428aba2e0 Thread added: 0x0000025428aba2e0
Event: 0.034 Thread 0x0000025428abae30 Thread added: 0x0000025428abae30
Event: 0.034 Thread 0x0000025428abea80 Thread added: 0x0000025428abea80
Event: 0.034 Thread 0x0000025428ac33a0 Thread added: 0x0000025428ac33a0
Event: 0.034 Thread 0x0000025428ac5b00 Thread added: 0x0000025428ac5b00
Event: 0.034 Thread 0x0000025428ac9e90 Thread added: 0x0000025428ac9e90
Event: 0.054 Thread 0x000002546e0fbc70 Thread added: 0x000002546e0fbc70
Event: 0.078 Thread 0x000002546e17e610 Thread added: 0x000002546e17e610


Dynamic libraries:
0x00007ff649a30000 - 0x00007ff649a40000 	C:\Program Files\Java\jdk-21\bin\java.exe
0x00007ff96bb90000 - 0x00007ff96bda7000 	C:\Windows\SYSTEM32\ntdll.dll
0x00007ff96abe0000 - 0x00007ff96aca4000 	C:\Windows\System32\KERNEL32.DLL
0x00007ff969050000 - 0x00007ff9693fd000 	C:\Windows\System32\KERNELBASE.dll
0x00007ff9640f0000 - 0x00007ff964187000 	C:\Windows\SYSTEM32\apphelp.dll
0x00007ff969730000 - 0x00007ff969841000 	C:\Windows\System32\ucrtbase.dll
0x00007ff9543c0000 - 0x00007ff9543d9000 	C:\Program Files\Java\jdk-21\bin\jli.dll
0x00007ff95cde0000 - 0x00007ff95cdfb000 	C:\Program Files\Java\jdk-21\bin\VCRUNTIME140.dll
0x00007ff96acc0000 - 0x00007ff96ad72000 	C:\Windows\System32\ADVAPI32.dll
0x00007ff96a620000 - 0x00007ff96a6c7000 	C:\Windows\System32\msvcrt.dll
0x00007ff96aea0000 - 0x00007ff96af49000 	C:\Windows\System32\sechost.dll
0x00007ff969020000 - 0x00007ff969048000 	C:\Windows\System32\bcrypt.dll
0x00007ff96af90000 - 0x00007ff96b0a4000 	C:\Windows\System32\RPCRT4.dll
0x00007ff96b750000 - 0x00007ff96b8fe000 	C:\Windows\System32\USER32.dll
0x00007ff968eb0000 - 0x00007ff968ed6000 	C:\Windows\System32\win32u.dll
0x00007ff96a200000 - 0x00007ff96a229000 	C:\Windows\System32\GDI32.dll
0x00007ff9694a0000 - 0x00007ff9695b9000 	C:\Windows\System32\gdi32full.dll
0x00007ff969400000 - 0x00007ff96949a000 	C:\Windows\System32\msvcp_win.dll
0x00007ff952820000 - 0x00007ff952ab3000 	C:\Windows\WinSxS\amd64_microsoft.windows.common-controls_6595b64144ccf1df_6.0.22621.3672_none_2713b9d173822955\COMCTL32.dll
0x00007ff95ff00000 - 0x00007ff95ff0a000 	C:\Windows\SYSTEM32\VERSION.dll
0x00007ff96af50000 - 0x00007ff96af81000 	C:\Windows\System32\IMM32.DLL
0x00007ff961260000 - 0x00007ff96126c000 	C:\Program Files\Java\jdk-21\bin\vcruntime140_1.dll
0x00007ff9394c0000 - 0x00007ff93954e000 	C:\Program Files\Java\jdk-21\bin\msvcp140.dll
0x00007ff909350000 - 0x00007ff90a065000 	C:\Program Files\Java\jdk-21\bin\server\jvm.dll
0x00007ff96ae00000 - 0x00007ff96ae71000 	C:\Windows\System32\WS2_32.dll
0x00007ff967d10000 - 0x00007ff967d5d000 	C:\Windows\SYSTEM32\POWRPROF.dll
0x00007ff961420000 - 0x00007ff961454000 	C:\Windows\SYSTEM32\WINMM.dll
0x00007ff967cf0000 - 0x00007ff967d03000 	C:\Windows\SYSTEM32\UMPDC.dll
0x00007ff967fa0000 - 0x00007ff967fb8000 	C:\Windows\SYSTEM32\kernel.appcore.dll
0x00007ff9611d0000 - 0x00007ff9611da000 	C:\Program Files\Java\jdk-21\bin\jimage.dll
0x00007ff966680000 - 0x00007ff9668b2000 	C:\Windows\SYSTEM32\DBGHELP.DLL
0x00007ff96a6d0000 - 0x00007ff96aa5d000 	C:\Windows\System32\combase.dll
0x00007ff96a3e0000 - 0x00007ff96a4b7000 	C:\Windows\System32\OLEAUT32.dll
0x00007ff93ece0000 - 0x00007ff93ed12000 	C:\Windows\SYSTEM32\dbgcore.DLL
0x00007ff968ee0000 - 0x00007ff968f5b000 	C:\Windows\System32\bcryptPrimitives.dll
0x00007ff9589f0000 - 0x00007ff958a0f000 	C:\Program Files\Java\jdk-21\bin\java.dll
0x00007ff969990000 - 0x00007ff96a1f7000 	C:\Windows\System32\SHELL32.dll
0x00007ff966d80000 - 0x00007ff96767e000 	C:\Windows\SYSTEM32\windows.storage.dll
0x00007ff966c30000 - 0x00007ff966d6f000 	C:\Windows\SYSTEM32\wintypes.dll
0x00007ff96aad0000 - 0x00007ff96abc9000 	C:\Windows\System32\SHCORE.dll
0x00007ff96aa60000 - 0x00007ff96aabe000 	C:\Windows\System32\shlwapi.dll
0x00007ff968de0000 - 0x00007ff968e01000 	C:\Windows\SYSTEM32\profapi.dll
0x00007ff953530000 - 0x00007ff953607000 	C:\Program Files\Java\jdk-21\bin\jsvml.dll
0x00007ff95eb60000 - 0x00007ff95eb70000 	C:\Program Files\Java\jdk-21\bin\net.dll
0x00007ff964a20000 - 0x00007ff964b56000 	C:\Windows\SYSTEM32\WINHTTP.dll
0x00007ff968440000 - 0x00007ff9684a9000 	C:\Windows\system32\mswsock.dll
0x00007ff9576c0000 - 0x00007ff9576d6000 	C:\Program Files\Java\jdk-21\bin\nio.dll
0x00007ff954d90000 - 0x00007ff954da8000 	C:\Program Files\Java\jdk-21\bin\zip.dll
0x00007ff9533a0000 - 0x00007ff95352f000 	C:\Program Files\Java\jdk-21\bin\awt.dll

dbghelp: loaded successfully - version: 4.0.5 - missing functions: none
symbol engine: initialized successfully - sym options: 0x614 - pdb path: .;C:\Program Files\Java\jdk-21\bin;C:\Windows\SYSTEM32;C:\Windows\WinSxS\amd64_microsoft.windows.common-controls_6595b64144ccf1df_6.0.22621.3672_none_2713b9d173822955;C:\Program Files\Java\jdk-21\bin\server

VM Arguments:
jvm_args: -Dfile.encoding=UTF-8 --module-path=C:\Users\rauni\Documents\NetBeansProjects\ATM\build\classes 
java_command: atm.Login
java_class_path (initial): C:\Users\rauni\Downloads\jcalendar-tz-1.3.3-4.jar;C:\Users\rauni\Documents\NetBeansProjects\ATM\build\classes
Launcher Type: SUN_STANDARD

[Global flags]
     intx CICompilerCount                          = 3                                         {product} {ergonomic}
     uint ConcGCThreads                            = 1                                         {product} {ergonomic}
     uint G1ConcRefinementThreads                  = 4                                         {product} {ergonomic}
   size_t G1HeapRegionSize                         = 1048576                                   {product} {ergonomic}
    uintx GCDrainStackTargetSize                   = 64                                        {product} {ergonomic}
   size_t InitialHeapSize                          = 132120576                                 {product} {ergonomic}
   size_t MarkStackSize                            = 4194304                                   {product} {ergonomic}
   size_t MaxHeapSize                              = 2090860544                                {product} {ergonomic}
   size_t MaxNewSize                               = 1254096896                                {product} {ergonomic}
   size_t MinHeapDeltaBytes                        = 1048576                                   {product} {ergonomic}
   size_t MinHeapSize                              = 8388608                                   {product} {ergonomic}
    uintx NonNMethodCodeHeapSize                   = 5832780                                {pd product} {ergonomic}
    uintx NonProfiledCodeHeapSize                  = 122912730                              {pd product} {ergonomic}
    uintx ProfiledCodeHeapSize                     = 122912730                              {pd product} {ergonomic}
    uintx ReservedCodeCacheSize                    = 251658240                              {pd product} {ergonomic}
     bool SegmentedCodeCache                       = true                                      {product} {ergonomic}
   size_t SoftMaxHeapSize                          = 2090860544                             {manageable} {ergonomic}
     bool UseCompressedOops                        = true                           {product lp64_product} {ergonomic}
     bool UseG1GC                                  = true                                      {product} {ergonomic}
     bool UseLargePagesIndividualAllocation        = false                                  {pd product} {ergonomic}

Logging:
Log output configuration:
 #0: stdout all=warning uptime,level,tags foldmultilines=false
 #1: stderr all=off uptime,level,tags foldmultilines=false

Environment Variables:
PATH=C:\Program Files\Common Files\Oracle\Java\javapath;C:\Windows\system32;C:\Windows;C:\Windows\System32\Wbem;C:\Windows\System32\WindowsPowerShell\v1.0\;C:\Windows\System32\OpenSSH\;C:\MinGW\bin;C:\Program Files\MySQL\MySQL Shell 8.0\bin\;C:\Users\rauni\AppData\Local\Microsoft\WindowsApps;C:\Users\rauni\AppData\Local\Programs\Microsoft VS Code\bin;C:\Program Files\JetBrains\IntelliJ IDEA 2024.1\bin;;C:\Program Files\JetBrains\IntelliJ IDEA Community Edition 2024.1.4\bin;
USERNAME=rauni
OS=Windows_NT
PROCESSOR_IDENTIFIER=Intel64 Family 6 Model 140 Stepping 1, GenuineIntel
TMP=C:\Users\rauni\AppData\Local\Temp
TEMP=C:\Users\rauni\AppData\Local\Temp




Periodic native trim disabled

---------------  S Y S T E M  ---------------

OS:
 Windows 11 , 64 bit Build 22621 (10.0.22621.3958)
OS uptime: 2 days 0:32 hours
Hyper-V role detected

CPU: total 4 (initial active 4) (2 cores per cpu, 2 threads per core) family 6 model 140 stepping 1 microcode 0xb6, cx8, cmov, fxsr, ht, mmx, 3dnowpref, sse, sse2, sse3, ssse3, sse4.1, sse4.2, popcnt, lzcnt, tsc, tscinvbit, avx, avx2, aes, erms, clmul, bmi1, bmi2, adx, avx512f, avx512dq, avx512cd, avx512bw, avx512vl, sha, fma, vzeroupper, avx512_vpopcntdq, avx512_vpclmulqdq, avx512_vaes, avx512_vnni, clflush, clflushopt, clwb, avx512_vbmi2, avx512_vbmi, hv, rdtscp, rdpid, fsrm, gfni, avx512_bitalg, f16c, cet_ibt, cet_ss, avx512_ifma
Processor Information for all 4 processors :
  Max Mhz: 2995, Current Mhz: 2995, Mhz Limit: 2995

Memory: 4k page, system-wide physical 7975M (1288M free)
TotalPageFile size 32551M (AvailPageFile size 3M)
current process WorkingSet (physical memory assigned to process): 43M, peak: 43M
current process commit charge ("private bytes"): 201M, peak: 201M

vm_info: Java HotSpot(TM) 64-Bit Server VM (21.0.1+12-LTS-29) for windows-amd64 JRE (21.0.1+12-LTS-29), built on 2023-10-05T13:27:09Z by "mach5one" with MS VC++ 17.1 (VS2022)

END.
